»MEI-test-set/MEI/articulations/multiple-articulations.ly« wird verarbeitet
Kompilation erfolgreich beendet
»MEI-test-set/MEI/articulations/two-parts-articulation.ly« wird verarbeitet
Kompilation erfolgreich beendet
»MEI-test-set/MEI/articulations/multiple-dots.ly« wird verarbeitet
Kompilation erfolgreich beendet
»MEI-test-set/MEI/articulations/stacc-up-and-down.ly« wird verarbeitet
Kompilation erfolgreich beendet
»MEI-test-set/MEI/articulations/fermatas.ly« wird verarbeitet
Kompilation erfolgreich beendet
»MEI-test-set/MEI/articulations/artic-with-slurs.ly« wird verarbeitet
Kompilation erfolgreich beendet
»MEI-test-set/MEI/articulations/ledger-lines.ly« wird verarbeitet
Kompilation erfolgreich beendet
»MEI-test-set/MEI/articulations/repeated-articulation.ly« wird verarbeitet
Kompilation erfolgreich beendet
»MEI-test-set/MEI/articulations/articulations.ly« wird verarbeitet
Kompilation erfolgreich beendet
»MEI-test-set/MEI/articulations/artic-on-whole.ly« wird verarbeitet
Kompilation erfolgreich beendet
»MEI-test-set/MEI/articulations/accents-up-and-down.ly« wird verarbeitet
Kompilation erfolgreich beendet
»MEI-test-set/MEI/articulations/dotted-and-staccato.ly« wird verarbeitet
Kompilation erfolgreich beendet
»MEI-test-set/MEI/articulations/staccato-simile.ly« wird verarbeitet
Kompilation erfolgreich beendet
»MEI-test-set/MEI/grace-notes/grace-notes.ly« wird verarbeitet
Kompilation erfolgreich beendet
»MEI-test-set/MEI/grace-notes/fixed-slurs.ly« wird verarbeitet
Kompilation erfolgreich beendet
»MEI-test-set/MEI/grace-notes/over-bar.ly« wird verarbeitet
Programmierfehler: Moment is not increasing.  Aborting interpretation.
Fortsetzung, die Daumen drücken
Programmierfehler: Moment is not increasing.  Aborting interpretation.
Fortsetzung, die Daumen drücken
Programmierfehler: bounds of this piece aren't breakable.
Fortsetzung, die Daumen drücken
Kompilation erfolgreich beendet
»MEI-test-set/MEI/grace-notes/artic-on-grace-notes.ly« wird verarbeitet
Kompilation erfolgreich beendet
»MEI-test-set/MEI/grace-notes/more-articulation.ly« wird verarbeitet
Kompilation erfolgreich beendet
»MEI-test-set/MEI/grace-notes/slur-placement.ly« wird verarbeitet
Kompilation erfolgreich beendet
»MEI-test-set/MEI/grace-notes/dynamic-placement.ly« wird verarbeitet
Kompilation erfolgreich beendet
»MEI-test-set/MEI/grace-notes/two-parts-aligned.ly« wird verarbeitet
Kompilation erfolgreich beendet
»MEI-test-set/MEI/grace-notes/two-voice-grace-notes.ly« wird verarbeitet
Kompilation erfolgreich beendet
»MEI-test-set/MEI/tuplets/alignment.ly« wird verarbeitet
Kompilation erfolgreich beendet
»MEI-test-set/MEI/tuplets/nested-tuplets.ly« wird verarbeitet
Kompilation erfolgreich beendet
»MEI-test-set/MEI/tuplets/ratios-no-literal.ly« wird verarbeitet
Kompilation erfolgreich beendet
»MEI-test-set/MEI/tuplets/tuplets-articulation.ly« wird verarbeitet
Kompilation erfolgreich beendet
»MEI-test-set/MEI/tuplets/mixed-value.ly« wird verarbeitet
Kompilation erfolgreich beendet
»MEI-test-set/MEI/tuplets/bracket-placement.ly« wird verarbeitet
Kompilation erfolgreich beendet
»MEI-test-set/MEI/tuplets/tuplets-2.ly« wird verarbeitet
Kompilation erfolgreich beendet
»MEI-test-set/MEI/tuplets/tuplet-brackets.ly« wird verarbeitet
Kompilation erfolgreich beendet
»MEI-test-set/MEI/tuplets/beamed-accentuation-2.ly« wird verarbeitet
Kompilation erfolgreich beendet
»MEI-test-set/MEI/tuplets/ratios.ly« wird verarbeitet
Kompilation erfolgreich beendet
»MEI-test-set/MEI/tuplets/note-value.ly« wird verarbeitet
Kompilation erfolgreich beendet
»MEI-test-set/MEI/tuplets/tuplets-articulation-2-parts.ly« wird verarbeitet
Kompilation erfolgreich beendet
»MEI-test-set/MEI/tuplets/tuplets.ly« wird verarbeitet
Kompilation erfolgreich beendet
»MEI-test-set/MEI/tuplets/tuplets-two-parts.ly« wird verarbeitet
Kompilation erfolgreich beendet
»MEI-test-set/MEI/tuplets/triplets.ly« wird verarbeitet
/home/rettinghaus/github/mei-test-set/MEI-test-set/MEI/tuplets/triplets.ly:21:3: Warnung: mid-measure time signature without \partial
  
  \time 6/8 
/home/rettinghaus/github/mei-test-set/MEI-test-set/MEI/tuplets/triplets.ly:23:3: Warnung: mid-measure time signature without \partial
  
  \time 2/4 
Kompilation erfolgreich beendet
»MEI-test-set/MEI/tuplets/beamed-accentuation.ly« wird verarbeitet
Warnung: erzwungener Umbruch war durch anderes Ereignis aufgehoben, sollten Taktüberprüfungen vorgenommen werden?
Warnung: erzwungener Umbruch war durch anderes Ereignis aufgehoben, sollten Taktüberprüfungen vorgenommen werden?
Warnung: erzwungener Umbruch war durch anderes Ereignis aufgehoben, sollten Taktüberprüfungen vorgenommen werden?
Kompilation erfolgreich beendet
»MEI-test-set/MEI/tuplets/tuplet-brackets-2.ly« wird verarbeitet
Kompilation erfolgreich beendet
»MEI-test-set/MEI/repeats/mid-bar-repeat.ly« wird verarbeitet
Kompilation erfolgreich beendet
»MEI-test-set/MEI/repeats/da-capo.ly« wird verarbeitet
Kompilation erfolgreich beendet
»MEI-test-set/MEI/repeats/changes-after-repeats.ly« wird verarbeitet
Kompilation erfolgreich beendet
»MEI-test-set/MEI/repeats/3-repeats-2.ly« wird verarbeitet
Warnung: Wiederholungsklammer bereits vorhanden, wird vorzeitig beendet
Kompilation erfolgreich beendet
»MEI-test-set/MEI/repeats/simple-repeat.ly« wird verarbeitet
Kompilation erfolgreich beendet
»MEI-test-set/MEI/repeats/coda.ly« wird verarbeitet
Kompilation erfolgreich beendet
»MEI-test-set/MEI/repeats/3-repeats.ly« wird verarbeitet
Warnung: Wiederholungsklammer bereits vorhanden, wird vorzeitig beendet
Kompilation erfolgreich beendet
»MEI-test-set/MEI/repeats/second-time-difference.ly« wird verarbeitet
Kompilation erfolgreich beendet
»MEI-test-set/MEI/repeats/repeat-with-endings.ly« wird verarbeitet
Kompilation erfolgreich beendet
»MEI-test-set/MEI/repeats/dal-segno.ly« wird verarbeitet
Kompilation erfolgreich beendet
»MEI-test-set/MEI/repeats/repeated-bars.ly« wird verarbeitet
Kompilation erfolgreich beendet
»MEI-test-set/MEI/repeats/repeats-positioning.ly« wird verarbeitet
Kompilation erfolgreich beendet
»MEI-test-set/MEI/dynamics/dynamics-1.ly« wird verarbeitet
Kompilation erfolgreich beendet
»MEI-test-set/MEI/dynamics/poco-molto.ly« wird verarbeitet
Kompilation erfolgreich beendet
»MEI-test-set/MEI/dynamics/two-part-with-text.ly« wird verarbeitet
Kompilation erfolgreich beendet
»MEI-test-set/MEI/dynamics/subito.ly« wird verarbeitet
Kompilation erfolgreich beendet
»MEI-test-set/MEI/dynamics/forte.ly« wird verarbeitet
Kompilation erfolgreich beendet
»MEI-test-set/MEI/dynamics/long-cresc.ly« wird verarbeitet
Kompilation erfolgreich beendet
»MEI-test-set/MEI/dynamics/cresc-new-line.ly« wird verarbeitet
Kompilation erfolgreich beendet
»MEI-test-set/MEI/dynamics/dynamic-placement.ly« wird verarbeitet
Kompilation erfolgreich beendet
»MEI-test-set/MEI/dynamics/with-text.ly« wird verarbeitet
Kompilation erfolgreich beendet
»MEI-test-set/MEI/arpeggios/arpeggios.ly« wird verarbeitet
Kompilation erfolgreich beendet
»MEI-test-set/MEI/arpeggios/written-out.ly« wird verarbeitet
Kompilation erfolgreich beendet
»MEI-test-set/MEI/arpeggios/stop-start-arpegg.ly« wird verarbeitet
Kompilation erfolgreich beendet
»MEI-test-set/MEI/arpeggios/broken-arpegg.ly« wird verarbeitet
Kompilation erfolgreich beendet
»MEI-test-set/MEI/arpeggios/over-staves.ly« wird verarbeitet
/home/rettinghaus/github/mei-test-set/MEI-test-set/MEI/arpeggios/over-staves.ly:25:317: Warnung: unbegrenzter Bindebogen
  \set Staff.clefGlyph = #"clefs.F" \set Staff.clefPosition = #2 \set Staff.clefTransposition = #0 \set Staff.middleCPosition = #6 \set Staff.middleCClefPosition = #6 << { s8 s8 s8 \tweak Stem.direction #UP f8[-~ \tweak Stem.direction #UP a8-~ \tweak Stem.direction #DOWN c'8]-~ } \\ { \tweak Stem.direction #UP g,8[
                                                                                                                                                                                                                                                                                                                            -~ \tweak Stem.direction #UP b,8-~ \tweak Stem.direction #UP d8]-~ < \tweak Stem.direction #DOWN g,-~ b,-~ d-~ >4. } >> %1
/home/rettinghaus/github/mei-test-set/MEI-test-set/MEI/arpeggios/over-staves.ly:25:349: Warnung: unbegrenzter Bindebogen
  \set Staff.clefGlyph = #"clefs.F" \set Staff.clefPosition = #2 \set Staff.clefTransposition = #0 \set Staff.middleCPosition = #6 \set Staff.middleCClefPosition = #6 << { s8 s8 s8 \tweak Stem.direction #UP f8[-~ \tweak Stem.direction #UP a8-~ \tweak Stem.direction #DOWN c'8]-~ } \\ { \tweak Stem.direction #UP g,8[-~ \tweak Stem.direction #UP b,8
                                                                                                                                                                                                                                                                                                                                                            -~ \tweak Stem.direction #UP d8]-~ < \tweak Stem.direction #DOWN g,-~ b,-~ d-~ >4. } >> %1
/home/rettinghaus/github/mei-test-set/MEI-test-set/MEI/arpeggios/over-staves.ly:25:211: Warnung: unbegrenzter Bindebogen
  \set Staff.clefGlyph = #"clefs.F" \set Staff.clefPosition = #2 \set Staff.clefTransposition = #0 \set Staff.middleCPosition = #6 \set Staff.middleCClefPosition = #6 << { s8 s8 s8 \tweak Stem.direction #UP f8[
                                                                                                                                                                                                                  -~ \tweak Stem.direction #UP a8-~ \tweak Stem.direction #DOWN c'8]-~ } \\ { \tweak Stem.direction #UP g,8[-~ \tweak Stem.direction #UP b,8-~ \tweak Stem.direction #UP d8]-~ < \tweak Stem.direction #DOWN g,-~ b,-~ d-~ >4. } >> %1
/home/rettinghaus/github/mei-test-set/MEI-test-set/MEI/arpeggios/over-staves.ly:25:242: Warnung: unbegrenzter Bindebogen
  \set Staff.clefGlyph = #"clefs.F" \set Staff.clefPosition = #2 \set Staff.clefTransposition = #0 \set Staff.middleCPosition = #6 \set Staff.middleCClefPosition = #6 << { s8 s8 s8 \tweak Stem.direction #UP f8[-~ \tweak Stem.direction #UP a8
                                                                                                                                                                                                                                                 -~ \tweak Stem.direction #DOWN c'8]-~ } \\ { \tweak Stem.direction #UP g,8[-~ \tweak Stem.direction #UP b,8-~ \tweak Stem.direction #UP d8]-~ < \tweak Stem.direction #DOWN g,-~ b,-~ d-~ >4. } >> %1
/home/rettinghaus/github/mei-test-set/MEI-test-set/MEI/arpeggios/over-staves.ly:25:277: Warnung: unbegrenzter Bindebogen
  \set Staff.clefGlyph = #"clefs.F" \set Staff.clefPosition = #2 \set Staff.clefTransposition = #0 \set Staff.middleCPosition = #6 \set Staff.middleCClefPosition = #6 << { s8 s8 s8 \tweak Stem.direction #UP f8[-~ \tweak Stem.direction #UP a8-~ \tweak Stem.direction #DOWN c'8]
                                                                                                                                                                                                                                                                                    -~ } \\ { \tweak Stem.direction #UP g,8[-~ \tweak Stem.direction #UP b,8-~ \tweak Stem.direction #UP d8]-~ < \tweak Stem.direction #DOWN g,-~ b,-~ d-~ >4. } >> %1
/home/rettinghaus/github/mei-test-set/MEI-test-set/MEI/arpeggios/over-staves.ly:21:78: Warnung: unbegrenzter Bindebogen
  << { \tweak Stem.direction #DOWN c'2. } \\ { \tweak Stem.direction #UP e'8[
                                                                             -~ \tweak Stem.direction #UP g'8-~ \tweak Stem.direction #UP b'8]-~ < \tweak Stem.direction #UP e' g' b' >4. } >> \bar "|." %2
/home/rettinghaus/github/mei-test-set/MEI-test-set/MEI/arpeggios/over-staves.ly:21:110: Warnung: unbegrenzter Bindebogen
  << { \tweak Stem.direction #DOWN c'2. } \\ { \tweak Stem.direction #UP e'8[-~ \tweak Stem.direction #UP g'8
                                                                                                             -~ \tweak Stem.direction #UP b'8]-~ < \tweak Stem.direction #UP e' g' b' >4. } >> \bar "|." %2
/home/rettinghaus/github/mei-test-set/MEI-test-set/MEI/arpeggios/over-staves.ly:25:210: Warnung: Keine funktionsfähige Anfangskonfiguration gefunden: Es kann evtl. keine optimale Balkenneigung gefunden werden
  \set Staff.clefGlyph = #"clefs.F" \set Staff.clefPosition = #2 \set Staff.clefTransposition = #0 \set Staff.middleCPosition = #6 \set Staff.middleCClefPosition = #6 << { s8 s8 s8 \tweak Stem.direction #UP f8
                                                                                                                                                                                                                 [-~ \tweak Stem.direction #UP a8-~ \tweak Stem.direction #DOWN c'8]-~ } \\ { \tweak Stem.direction #UP g,8[-~ \tweak Stem.direction #UP b,8-~ \tweak Stem.direction #UP d8]-~ < \tweak Stem.direction #DOWN g,-~ b,-~ d-~ >4. } >> %1
Kompilation erfolgreich beendet
»MEI-test-set/MEI/arpeggios/dynamics.ly« wird verarbeitet
Kompilation erfolgreich beendet
»MEI-test-set/MEI/arpeggios/vib-changes.ly« wird verarbeitet
Kompilation erfolgreich beendet
»MEI-test-set/MEI/additional-tests/beam-test.ly« wird verarbeitet
Kompilation erfolgreich beendet
»MEI-test-set/MEI/chords/cluster-chords-2.ly« wird verarbeitet
Kompilation erfolgreich beendet
»MEI-test-set/MEI/chords/dotted-3.ly« wird verarbeitet
Kompilation erfolgreich beendet
»MEI-test-set/MEI/chords/crossing-stems.ly« wird verarbeitet
Kompilation erfolgreich beendet
»MEI-test-set/MEI/chords/dotted-2-voiced.ly« wird verarbeitet
Kompilation erfolgreich beendet
»MEI-test-set/MEI/chords/crossing-stems-2.ly« wird verarbeitet
Kompilation erfolgreich beendet
»MEI-test-set/MEI/chords/unisons-5.ly« wird verarbeitet
Kompilation erfolgreich beendet
»MEI-test-set/MEI/chords/dotted-2.ly« wird verarbeitet
Kompilation erfolgreich beendet
»MEI-test-set/MEI/chords/cluster-chords-stem-directions.ly« wird verarbeitet
Kompilation erfolgreich beendet
»MEI-test-set/MEI/chords/dotted-4.ly« wird verarbeitet
Kompilation erfolgreich beendet
»MEI-test-set/MEI/chords/unisons-4.ly« wird verarbeitet
Kompilation erfolgreich beendet
»MEI-test-set/MEI/chords/dotted.ly« wird verarbeitet
Kompilation erfolgreich beendet
»MEI-test-set/MEI/chords/dotted-unison.ly« wird verarbeitet
Kompilation erfolgreich beendet
»MEI-test-set/MEI/chords/unisons-accidentals.ly« wird verarbeitet
Kompilation erfolgreich beendet
»MEI-test-set/MEI/chords/shared-note-heads.ly« wird verarbeitet
Kompilation erfolgreich beendet
»MEI-test-set/MEI/chords/crossing-whole-notes.ly« wird verarbeitet
Kompilation erfolgreich beendet
»MEI-test-set/MEI/chords/stem-directions.ly« wird verarbeitet
Kompilation erfolgreich beendet
»MEI-test-set/MEI/chords/unisons-2.ly« wird verarbeitet
Kompilation erfolgreich beendet
»MEI-test-set/MEI/chords/unisons.ly« wird verarbeitet
Kompilation erfolgreich beendet
»MEI-test-set/MEI/chords/chord-test.ly« wird verarbeitet
Kompilation erfolgreich beendet
»MEI-test-set/MEI/chords/unisons-accidentals-chords.ly« wird verarbeitet
Kompilation erfolgreich beendet
»MEI-test-set/MEI/chords/cluster-chords.ly« wird verarbeitet
Kompilation erfolgreich beendet
»MEI-test-set/MEI/chords/stem-directions-2.ly« wird verarbeitet
Kompilation erfolgreich beendet
»MEI-test-set/MEI/chords/unisons-3.ly« wird verarbeitet
Kompilation erfolgreich beendet
»MEI-test-set/MEI/chords/cluster-chords-whole-notes.ly« wird verarbeitet
Kompilation erfolgreich beendet
»MEI-test-set/MEI/chords/dotted-5.ly« wird verarbeitet
Kompilation erfolgreich beendet
»MEI-test-set/MEI/chords/cluster-chords-3.ly« wird verarbeitet
Kompilation erfolgreich beendet
»MEI-test-set/MEI/gliss/more-gliss.ly« wird verarbeitet
Kompilation erfolgreich beendet
»MEI-test-set/MEI/gliss/short-gliss.ly« wird verarbeitet
Kompilation erfolgreich beendet
»MEI-test-set/MEI/gliss/gliss-precision.ly« wird verarbeitet
Kompilation erfolgreich beendet
»MEI-test-set/MEI/gliss/interim-pitches.ly« wird verarbeitet
Kompilation erfolgreich beendet
»MEI-test-set/MEI/gliss/glissando.ly« wird verarbeitet
Kompilation erfolgreich beendet
»MEI-test-set/MEI/scores-and-layout/key-signature-changes.ly« wird verarbeitet
Kompilation erfolgreich beendet
»MEI-test-set/MEI/scores-and-layout/time-signature-changes.ly« wird verarbeitet
Kompilation erfolgreich beendet
»MEI-test-set/MEI/scores-and-layout/key-and-time-signature-changes.ly« wird verarbeitet
Kompilation erfolgreich beendet
»MEI-test-set/MEI/lyrics/one-line.ly« wird verarbeitet
Kompilation erfolgreich beendet
»MEI-test-set/MEI/ties-slurs/dotted-slur.ly« wird verarbeitet
Kompilation erfolgreich beendet
»MEI-test-set/MEI/ties-slurs/ties-dotted.ly« wird verarbeitet
Kompilation erfolgreich beendet
»MEI-test-set/MEI/ties-slurs/open-ties.ly« wird verarbeitet
Kompilation erfolgreich beendet
»MEI-test-set/MEI/ties-slurs/ties-2-voices.ly« wird verarbeitet
Kompilation erfolgreich beendet
»MEI-test-set/MEI/ties-slurs/ties-unison.ly« wird verarbeitet
Kompilation erfolgreich beendet
»MEI-test-set/MEI/ties-slurs/ties-chords-2.ly« wird verarbeitet
Kompilation erfolgreich beendet
»MEI-test-set/MEI/ties-slurs/more-slurs.ly« wird verarbeitet
Kompilation erfolgreich beendet
»MEI-test-set/MEI/ties-slurs/with-tenuto.ly« wird verarbeitet
Kompilation erfolgreich beendet
»MEI-test-set/MEI/ties-slurs/ties-chords.ly« wird verarbeitet
Kompilation erfolgreich beendet
»MEI-test-set/MEI/ties-slurs/respelled.ly« wird verarbeitet
Kompilation erfolgreich beendet
»MEI-test-set/MEI/ties-slurs/ties-stems.ly« wird verarbeitet
Kompilation erfolgreich beendet
»MEI-test-set/MEI/ties-slurs/over-system.ly« wird verarbeitet
Kompilation erfolgreich beendet
»MEI-test-set/MEI/ties-slurs/both.ly« wird verarbeitet
Kompilation erfolgreich beendet
»MEI-test-set/MEI/ties-slurs/slurs-with-rests.ly« wird verarbeitet
Kompilation erfolgreich beendet
»MEI-test-set/MEI/ties-slurs/slurs-within-slurs.ly« wird verarbeitet
Kompilation erfolgreich beendet
»MEI-test-set/MEI/ties-slurs/ties.ly« wird verarbeitet
Kompilation erfolgreich beendet
»MEI-test-set/MEI/ties-slurs/ties-overlapping-voices.ly« wird verarbeitet
Kompilation erfolgreich beendet
»MEI-test-set/MEI/ties-slurs/ties-with-other-notes.ly« wird verarbeitet
Kompilation erfolgreich beendet
»MEI-test-set/MEI/ties-slurs/slured-chords.ly« wird verarbeitet
Kompilation erfolgreich beendet
»MEI-test-set/MEI/accidentals/all-accidentals.ly« wird verarbeitet
Kompilation erfolgreich beendet
»MEI-test-set/MEI/accidentals/grace-notes.ly« wird verarbeitet
Kompilation erfolgreich beendet
»MEI-test-set/MEI/accidentals/cancellation.ly« wird verarbeitet
Kompilation erfolgreich beendet
»MEI-test-set/MEI/accidentals/tied-notes.ly« wird verarbeitet
Kompilation erfolgreich beendet
»MEI-test-set/MEI/accidentals/quarter-tones.ly« wird verarbeitet
Kompilation erfolgreich beendet
»MEI-test-set/MEI/accidentals/cancellation-repeated-notes.ly« wird verarbeitet
Kompilation erfolgreich beendet
»MEI-test-set/MEI/accidentals/unconventional-key-sig.ly« wird verarbeitet
Kompilation erfolgreich beendet
»MEI-test-set/MEI/accidentals/big-chords.ly« wird verarbeitet
Kompilation erfolgreich beendet
»MEI-test-set/MEI/accidentals/accidental-coverage.ly« wird verarbeitet
Kompilation erfolgreich beendet
»MEI-test-set/MEI/accidentals/placement-other-symbols.ly« wird verarbeitet
Kompilation erfolgreich beendet
»MEI-test-set/MEI/accidentals/octave-displacement.ly« wird verarbeitet
Kompilation erfolgreich beendet
»MEI-test-set/MEI/accidentals/two-parts-cancelled.ly« wird verarbeitet
Kompilation erfolgreich beendet
»MEI-test-set/MEI/accidentals/respelling.ly« wird verarbeitet
Kompilation erfolgreich beendet
»MEI-test-set/MEI/accidentals/treble-clef.ly« wird verarbeitet
Kompilation erfolgreich beendet
»MEI-test-set/MEI/accidentals/bass-clef.ly« wird verarbeitet
Kompilation erfolgreich beendet
»MEI-test-set/MEI/accidentals/altered-unisons-2.ly« wird verarbeitet
Kompilation erfolgreich beendet
»MEI-test-set/MEI/accidentals/tenor-clef.ly« wird verarbeitet
Kompilation erfolgreich beendet
»MEI-test-set/MEI/accidentals/altered-unisons.ly« wird verarbeitet
Kompilation erfolgreich beendet
»MEI-test-set/MEI/accidentals/two-stem-chords.ly« wird verarbeitet
Kompilation erfolgreich beendet
»MEI-test-set/MEI/accidentals/alto-clef.ly« wird verarbeitet
Kompilation erfolgreich beendet
»MEI-test-set/MEI/meter/2-4.ly« wird verarbeitet
Kompilation erfolgreich beendet
»MEI-test-set/MEI/meter/beat-division-2.ly« wird verarbeitet
Kompilation erfolgreich beendet
»MEI-test-set/MEI/meter/rest-groupings-2.ly« wird verarbeitet
Kompilation erfolgreich beendet
»MEI-test-set/MEI/meter/metric-modulation.ly« wird verarbeitet
Kompilation erfolgreich beendet
»MEI-test-set/MEI/meter/parentheses.ly« wird verarbeitet
Kompilation erfolgreich beendet
»MEI-test-set/MEI/meter/beams-over-rests.ly« wird verarbeitet
Kompilation erfolgreich beendet
»MEI-test-set/MEI/meter/beat-division.ly« wird verarbeitet
Kompilation erfolgreich beendet
»MEI-test-set/MEI/meter/fermatas.ly« wird verarbeitet
Kompilation erfolgreich beendet
»MEI-test-set/MEI/meter/all-groupings.ly« wird verarbeitet
Kompilation erfolgreich beendet
»MEI-test-set/MEI/meter/measure-rests.ly« wird verarbeitet
Kompilation erfolgreich beendet
»MEI-test-set/MEI/meter/old-measure-groups.ly« wird verarbeitet
Kompilation erfolgreich beendet
»MEI-test-set/MEI/meter/meter-changes.ly« wird verarbeitet
Kompilation erfolgreich beendet
»MEI-test-set/MEI/meter/rest-groupings-3.ly« wird verarbeitet
Kompilation erfolgreich beendet
»MEI-test-set/MEI/meter/fermata-positioning.ly« wird verarbeitet
Kompilation erfolgreich beendet
»MEI-test-set/MEI/meter/beamings.ly« wird verarbeitet
Kompilation erfolgreich beendet
»MEI-test-set/MEI/meter/new-rhythm.ly« wird verarbeitet
Kompilation erfolgreich beendet
»MEI-test-set/MEI/meter/rest-groupings.ly« wird verarbeitet
Kompilation erfolgreich beendet
»MEI-test-set/MEI/meter/variable-stress.ly« wird verarbeitet
Kompilation erfolgreich beendet
»MEI-test-set/MEI/meter/polymeter.ly« wird verarbeitet
Kompilation erfolgreich beendet
»MEI-test-set/MEI/meter/structural-beaming.ly« wird verarbeitet
/home/rettinghaus/github/mei-test-set/MEI-test-set/MEI/meter/structural-beaming.ly:29:3: Warnung: mid-measure time signature without \partial
  
  \time 6/8 
Warnung: erzwungener Umbruch war durch anderes Ereignis aufgehoben, sollten Taktüberprüfungen vorgenommen werden?
/home/rettinghaus/github/mei-test-set/MEI-test-set/MEI/meter/structural-beaming.ly:32:3: Warnung: mid-measure time signature without \partial
  
  \tweak TimeSignature.style #'numbered \time 4/4 
/home/rettinghaus/github/mei-test-set/MEI-test-set/MEI/meter/structural-beaming.ly:35:3: Warnung: mid-measure time signature without \partial
  
  \time 6/8 
Warnung: erzwungener Umbruch war durch anderes Ereignis aufgehoben, sollten Taktüberprüfungen vorgenommen werden?
/home/rettinghaus/github/mei-test-set/MEI-test-set/MEI/meter/structural-beaming.ly:38:3: Warnung: mid-measure time signature without \partial
  
  \tweak TimeSignature.style #'numbered \time 4/4 
Kompilation erfolgreich beendet
»MEI-test-set/MEI/meter/more-beaming-2.ly« wird verarbeitet
Kompilation erfolgreich beendet
»MEI-test-set/MEI/meter/note-head-denominator.ly« wird verarbeitet
Kompilation erfolgreich beendet
»MEI-test-set/MEI/meter/multimeasure-rests.ly« wird verarbeitet
Kompilation erfolgreich beendet
»MEI-test-set/MEI/meter/rest-positions.ly« wird verarbeitet
Kompilation erfolgreich beendet
»MEI-test-set/MEI/meter/quadruple-dotted.ly« wird verarbeitet
Kompilation erfolgreich beendet
»MEI-test-set/MEI/meter/tempo-alterations.ly« wird verarbeitet
Kompilation erfolgreich beendet
»MEI-test-set/MEI/meter/sustaining-across-beats.ly« wird verarbeitet
Kompilation erfolgreich beendet
»MEI-test-set/MEI/meter/more-beaming-5.ly« wird verarbeitet
Kompilation erfolgreich beendet
»MEI-test-set/MEI/meter/tempo-indications.ly« wird verarbeitet
Kompilation erfolgreich beendet
»MEI-test-set/MEI/meter/feathered-beams.ly« wird verarbeitet
Kompilation erfolgreich beendet
»MEI-test-set/MEI/meter/more-beaming-4.ly« wird verarbeitet
Kompilation erfolgreich beendet
»MEI-test-set/MEI/meter/fermata-parts.ly« wird verarbeitet
Kompilation erfolgreich beendet
»MEI-test-set/MEI/meter/scale-beaming.ly« wird verarbeitet
Kompilation erfolgreich beendet
»MEI-test-set/MEI/meter/triplet-test.ly« wird verarbeitet
Kompilation erfolgreich beendet
»MEI-test-set/MEI/meter/dotted-notes.ly« wird verarbeitet
Kompilation erfolgreich beendet
»MEI-test-set/MEI/meter/more-beaming-3.ly« wird verarbeitet
Kompilation erfolgreich beendet
»MEI-test-set/MEI/meter/tempo-alterations-2.ly« wird verarbeitet
Kompilation erfolgreich beendet
»MEI-test-set/MEI/meter/changing-meters.ly« wird verarbeitet
Kompilation erfolgreich beendet
»MEI-test-set/MEI/meter/syncopation.ly« wird verarbeitet
Kompilation erfolgreich beendet
»MEI-test-set/MEI/meter/beaming-over-beats.ly« wird verarbeitet
/home/rettinghaus/github/mei-test-set/MEI-test-set/MEI/meter/beaming-over-beats.ly:27:26: Warnung: Eigenartige Notenhalslänge; auf enge Balken überprüfen
  << { \tuplet 5/4 { r8[ 
                         \tweak Stem.direction #UP f'8 r8 \tweak Stem.direction #UP g'8 r8] } } >> %5
/home/rettinghaus/github/mei-test-set/MEI-test-set/MEI/meter/beaming-over-beats.ly:27:59: Warnung: Eigenartige Notenhalslänge; auf enge Balken überprüfen
  << { \tuplet 5/4 { r8[ \tweak Stem.direction #UP f'8 r8 
                                                          \tweak Stem.direction #UP g'8 r8] } } >> %5
Programmierfehler: No viable beam quanting found.  Using unquanted y value.
Fortsetzung, die Daumen drücken
Warnung: Kasten mit negativen Ausmaßen wird nicht gezeichnet, 0.13 mal -0.24.
Warnung: Kasten mit negativen Ausmaßen wird nicht gezeichnet, 0.13 mal -0.24.
Kompilation erfolgreich beendet
»MEI-test-set/MEI/meter/compound-beats.ly« wird verarbeitet
Kompilation erfolgreich beendet
»MEI-test-set/MEI/meter/more-beaming.ly« wird verarbeitet
Kompilation erfolgreich beendet
»MEI-test-set/MEI/staves/one-line-staff.ly« wird verarbeitet
Kompilation erfolgreich beendet
»MEI-test-set/MEI/staves/three-line-staff.ly« wird verarbeitet
Kompilation erfolgreich beendet
»MEI-test-set/MEI/staves/two-line-staff.ly« wird verarbeitet
Kompilation erfolgreich beendet
»MEI-test-set/MEI/beams-and-stems/nested-beams.ly« wird verarbeitet
Kompilation erfolgreich beendet
»MEI-test-set/MEI/beams-and-stems/two-stem-directions.ly« wird verarbeitet
Kompilation erfolgreich beendet
»MEI-test-set/MEI/beams-and-stems/beam-placement.ly« wird verarbeitet
Kompilation erfolgreich beendet
»MEI-test-set/MEI/beams-and-stems/beam-placement-2.ly« wird verarbeitet
Kompilation erfolgreich beendet
»MEI-test-set/MEI/beams-and-stems/stem-directions.ly« wird verarbeitet
Kompilation erfolgreich beendet
»MEI-test-set/MEI/beams-and-stems/continuebeam-after-rest.ly« wird verarbeitet
Kompilation erfolgreich beendet
»MEI-test-set/MEI/beams-and-stems/over-barlines.ly« wird verarbeitet
Kompilation erfolgreich beendet
»MEI-test-set/MEI/beams-and-stems/stems-through-bar.ly« wird verarbeitet
Kompilation erfolgreich beendet
»MEI-test-set/MEI/beams-and-stems/stem-directions-2.ly« wird verarbeitet
Kompilation erfolgreich beendet
»MEI-test-set/MEI/trills/trill-speeds.ly« wird verarbeitet
Kompilation erfolgreich beendet
»MEI-test-set/MEI/trills/trills-accidentals.ly« wird verarbeitet
Kompilation erfolgreich beendet
»MEI-test-set/MEI/trills/trills.ly« wird verarbeitet
Kompilation erfolgreich beendet
»MEI-test-set/MEI/trills/trill-length.ly« wird verarbeitet
Kompilation erfolgreich beendet
»MEI-test-set/MEI/trills/trills-with-grace-notes.ly« wird verarbeitet
Kompilation erfolgreich beendet
»MEI-test-set/MEI/trills/multiple-voiced-trill.ly« wird verarbeitet
Kompilation erfolgreich beendet
»MEI-test-set/MEI/trills/note-change.ly« wird verarbeitet
Kompilation erfolgreich beendet
»MEI-test-set/MEI/clefs/soprano-clef.ly« wird verarbeitet
Kompilation erfolgreich beendet
»MEI-test-set/MEI/clefs/bass-up-15-clef.ly« wird verarbeitet
Kompilation erfolgreich beendet
»MEI-test-set/MEI/clefs/percussion-clef.ly« wird verarbeitet
Kompilation erfolgreich beendet
»MEI-test-set/MEI/clefs/changing-clefs-2.ly« wird verarbeitet
Kompilation erfolgreich beendet
»MEI-test-set/MEI/clefs/changing-clefs.ly« wird verarbeitet
Kompilation erfolgreich beendet
»MEI-test-set/MEI/clefs/baritone-bass-clef.ly« wird verarbeitet
Kompilation erfolgreich beendet
»MEI-test-set/MEI/clefs/changing-clefs-3.ly« wird verarbeitet
Kompilation erfolgreich beendet
»MEI-test-set/MEI/clefs/changing-clefs-5.ly« wird verarbeitet
Kompilation erfolgreich beendet
»MEI-test-set/MEI/clefs/changing-clefs-6.ly« wird verarbeitet
Kompilation erfolgreich beendet
»MEI-test-set/MEI/clefs/treble-down-8-cle-2.ly« wird verarbeitet
Kompilation erfolgreich beendet
»MEI-test-set/MEI/clefs/sub-bass-clef.ly« wird verarbeitet
Kompilation erfolgreich beendet
»MEI-test-set/MEI/clefs/bass-down-8-clef.ly« wird verarbeitet
Kompilation erfolgreich beendet
»MEI-test-set/MEI/clefs/mezzo-soprano-clef.ly« wird verarbeitet
Kompilation erfolgreich beendet
»MEI-test-set/MEI/clefs/bass-up-8-clef.ly« wird verarbeitet
Kompilation erfolgreich beendet
»MEI-test-set/MEI/clefs/changing-clefs-4.ly« wird verarbeitet
Kompilation erfolgreich beendet
»MEI-test-set/MEI/clefs/treble-down-8-clef.ly« wird verarbeitet
Kompilation erfolgreich beendet
»MEI-test-set/MEI/clefs/treble-up-15-clef.ly« wird verarbeitet
Kompilation erfolgreich beendet
»MEI-test-set/MEI/clefs/french-violin-clef.ly« wird verarbeitet
Kompilation erfolgreich beendet
»MEI-test-set/MEI/clefs/treble-up-8.ly« wird verarbeitet
Kompilation erfolgreich beendet
»MEI-test-set/MEI/clefs/baritone-clef.ly« wird verarbeitet
Kompilation erfolgreich beendet
»MEI-test-set/MEI/clefs/treble-clef.ly« wird verarbeitet
Kompilation erfolgreich beendet
»MEI-test-set/MEI/clefs/bass-clef.ly« wird verarbeitet
Kompilation erfolgreich beendet
»MEI-test-set/MEI/clefs/tenor-clef.ly« wird verarbeitet
Kompilation erfolgreich beendet
»MEI-test-set/MEI/clefs/treble-down-8-old-clef.ly« wird verarbeitet
Kompilation erfolgreich beendet
»MEI-test-set/MEI/clefs/alto-clef.ly« wird verarbeitet
Kompilation erfolgreich beendet
»MEI-test-set/MEI/clefs/changing-clefs-7.ly« wird verarbeitet
Kompilation erfolgreich beendet
